<?xml version="1.0" encoding="UTF-8"?>
<testng-results ignored="0" total="2" passed="2" failed="0" skipped="0">
  <reporter-output>
  </reporter-output>
  <suite started-at="2023-05-13T17:10:01 IST" name="Suite" finished-at="2023-05-13T17:10:08 IST" duration-ms="7579">
    <groups>
    </groups>
    <test started-at="2023-05-13T17:10:01 IST" name="Test" finished-at="2023-05-13T17:10:08 IST" duration-ms="7579">
      <class name="com.sdet.AppTest">
        <test-method signature="loginTest()[pri:0, instance:com.sdet.AppTest@576d5deb]" started-at="2023-05-13T17:10:01 IST" name="loginTest" finished-at="2023-05-13T17:10:01 IST" duration-ms="38" status="PASS">
          <reporter-output>
          </reporter-output>
        </test-method> <!-- loginTest -->
      </class> <!-- com.sdet.AppTest -->
      <class name="src.dev.SelTest">
        <test-method signature="searchh()[pri:0, instance:src.dev.SelTest@229c6181]" started-at="2023-05-13T17:10:01 IST" name="searchh" finished-at="2023-05-13T17:10:08 IST" duration-ms="7433" status="PASS">
          <reporter-output>
          </reporter-output>
        </test-method> <!-- searchh -->
      </class> <!-- src.dev.SelTest -->
    </test> <!-- Test -->
  </suite> <!-- Suite -->
</testng-results>
