<?xml version="1.0" encoding="UTF-8"?>
<testng-results ignored="0" total="1" passed="1" failed="0" skipped="0">
  <reporter-output>
  </reporter-output>
  <suite started-at="2023-05-13T15:40:52 IST" name="Default suite" finished-at="2023-05-13T15:41:03 IST" duration-ms="11393">
    <groups>
    </groups>
    <test started-at="2023-05-13T15:40:52 IST" name="Default test" finished-at="2023-05-13T15:41:03 IST" duration-ms="11393">
      <class name="src.dev.SelTest">
        <test-method signature="searchh()[pri:0, instance:src.dev.SelTest@173ed316]" started-at="2023-05-13T15:40:52 IST" name="searchh" finished-at="2023-05-13T15:41:03 IST" duration-ms="11294" status="PASS">
          <reporter-output>
          </reporter-output>
        </test-method> <!-- searchh -->
      </class> <!-- src.dev.SelTest -->
    </test> <!-- Default test -->
  </suite> <!-- Default suite -->
</testng-results>
