<?xml version="1.0" encoding="UTF-8"?>
<testng-results ignored="0" total="1" passed="1" failed="0" skipped="0">
  <reporter-output>
  </reporter-output>
  <suite started-at="2023-07-07T19:07:56 IST" name="Suite" finished-at="2023-07-07T19:08:11 IST" duration-ms="15359">
    <groups>
    </groups>
    <test started-at="2023-07-07T19:07:56 IST" name="Test" finished-at="2023-07-07T19:08:11 IST" duration-ms="15359">
      <class name="project.run.TestNGRun">
        <test-method is-config="true" signature="beforeSuite()[pri:0, instance:project.run.TestNGRun@32115b28]" started-at="2023-07-07T19:07:56 IST" name="beforeSuite" finished-at="2023-07-07T19:07:56 IST" duration-ms="235" status="PASS">
          <reporter-output>
          </reporter-output>
        </test-method> <!-- beforeSuite -->
        <test-method is-config="true" signature="beforeMethod(java.lang.reflect.Method)[pri:0, instance:project.run.TestNGRun@32115b28]" started-at="2023-07-07T19:07:56 IST" name="beforeMethod" finished-at="2023-07-07T19:07:56 IST" duration-ms="2" status="PASS">
          <params>
            <param index="0">
              <value>
                <![CDATA[public void project.run.TestNGRun.executeTest()]]>
              </value>
            </param>
          </params>
          <reporter-output>
          </reporter-output>
        </test-method> <!-- beforeMethod -->
        <test-method signature="executeTest()[pri:0, instance:project.run.TestNGRun@32115b28]" started-at="2023-07-07T19:07:56 IST" name="executeTest" finished-at="2023-07-07T19:08:11 IST" duration-ms="15265" status="PASS">
          <reporter-output>
          </reporter-output>
        </test-method> <!-- executeTest -->
        <test-method is-config="true" signature="afterMethod()[pri:0, instance:project.run.TestNGRun@32115b28]" started-at="2023-07-07T19:08:11 IST" name="afterMethod" finished-at="2023-07-07T19:08:11 IST" duration-ms="42" status="PASS">
          <reporter-output>
          </reporter-output>
        </test-method> <!-- afterMethod -->
        <test-method is-config="true" signature="afterSuite()[pri:0, instance:project.run.TestNGRun@32115b28]" started-at="2023-07-07T19:08:11 IST" name="afterSuite" finished-at="2023-07-07T19:08:11 IST" duration-ms="0" status="PASS">
          <reporter-output>
          </reporter-output>
        </test-method> <!-- afterSuite -->
      </class> <!-- project.run.TestNGRun -->
    </test> <!-- Test -->
  </suite> <!-- Suite -->
</testng-results>
